
> @kwchang0831/svelte-qwer@0.6.0 dev /root/urara-rblog
> npm-run-all -s build:QWER dev:watch

node:events:491
      throw er; // Unhandled 'error' event
      ^

Error: EBADF: bad file descriptor, read
Emitted 'error' event on ReadStream instance at:
    at emitErrorNT (node:internal/streams/destroy:151:8)
    at errorOrDestroy (node:internal/streams/destroy:214:7)
    at node:internal/fs/streams:258:9
    at FSReqCallback.wrapper [as oncomplete] (node:fs:680:5) {
  errno: -9,
  code: 'EBADF',
  syscall: 'read'
}

Node.js v18.8.0
 ELIFECYCLE  Command failed with exit code 1.

> @kwchang0831/svelte-qwer@0.6.0 dev /root/urara-rblog
> npm-run-all -s build:QWER dev:watch

node:events:491
      throw er; // Unhandled 'error' event
      ^

Error: EBADF: bad file descriptor, read
Emitted 'error' event on ReadStream instance at:
    at emitErrorNT (node:internal/streams/destroy:151:8)
    at errorOrDestroy (node:internal/streams/destroy:214:7)
    at node:internal/fs/streams:258:9
    at FSReqCallback.wrapper [as oncomplete] (node:fs:680:5) {
  errno: -9,
  code: 'EBADF',
  syscall: 'read'
}

Node.js v18.8.0
 ELIFECYCLE  Command failed with exit code 1.

> @kwchang0831/svelte-qwer@0.6.0 dev /root/urara-rblog
> npm-run-all -s build:QWER dev:watch

node:events:491
      throw er; // Unhandled 'error' event
      ^

Error: EBADF: bad file descriptor, read
Emitted 'error' event on ReadStream instance at:
    at emitErrorNT (node:internal/streams/destroy:151:8)
    at errorOrDestroy (node:internal/streams/destroy:214:7)
    at node:internal/fs/streams:258:9
    at FSReqCallback.wrapper [as oncomplete] (node:fs:680:5) {
  errno: -9,
  code: 'EBADF',
  syscall: 'read'
}

Node.js v18.8.0
 ELIFECYCLE  Command failed with exit code 1.
